1 新用户注册 需要弄一个注册引导页。告诉用户 网站的定位、他可以做什么、怎么做

2014/3/16
1、diagram edit 需要引入ID 后的编辑
2、图片保存后，需要 生存pic-box,为diagram content 使用，并且，需要生存pic id,为 diagram pic 类使用
3、在diagram edit 删除图片时，需要删除diagram-pic ，并且 pic 的status 变为0
4、可以调整 图片位置，可以模仿xiangqu.com中的效果

diagram 是核心，需要花很多精力做哦



2014/3/22
1、左右栏布局
2、下周上线 diagram，隐藏用户相关功能
3、明天调整服务器



2014/3/27

需要整理下需要开发的东西了

一、diagram 的 增删改查
     1、完善评价  2 完善 喜欢按钮 3 完成 分享 4 完善注册

     3月30日
     1完成微博 qq登陆注册（ 代完善tokken 长期有效性，qqzone 分享，赞 等社会化操作）

二、前端： 首页 微信精选  图说  神兽乐园   在数据表中，合并diagram 和 pet

三、开发管理中心

四、开发蜘蛛爬虫

五、开发用户中心

六、开发 m.hiwowo.com

七、开发微信分享、长微博分享

七、开发 微信公共账号


4月9日
1、登录注册 是基本的权利，任何人都能登录注册
2、喜欢、不喜欢是所有人的权利，包括注册用户和非注册用户，对于没有注册的用户，采用cookie记录，每隔30分钟，才能够表达喜欢、不喜欢态度。
3、发帖（图说、神兽 帖子）是通过审核的用户 才能够使用。
4、评论，只有登录用户才能够使用。
5、审贴，只有登录用户才能够使用。
6、打赏 喔喔叫（虚拟货币）


4月13日
一、diagram discuss
    1、diagram discuss html
    2、diagram discuss js
    3、diagram ajax discuss ,翻页 排序
    4、discuss 回复内容 todo
    5、discuss 举报 todo
    6、favor todo 任何人都可以favor,但是每个diagram favor 有时间限制
二、diagram love
