#
# A fatal error has been detected by the Java Runtime Environment:
#
#  EXCEPTION_ACCESS_VIOLATION (0xc0000005) at pc=0x6d8de39a, pid=2476, tid=488
#
# JRE version: 6.0_18-b07
# Java VM: Java HotSpot(TM) Client VM (16.0-b13 mixed mode windows-x86 )
# Problematic frame:
# V  [jvm.dll+0xde39a]
#
# If you would like to submit a bug report, please visit:
#   http://java.sun.com/webapps/bugreport/crash.jsp
#

---------------  T H R E A D  ---------------

Current thread (0x54e90000):  VMThread [stack: 0x54f20000,0x54f70000] [id=488]

siginfo: ExceptionCode=0xc0000005, reading address 0x00000001

Registers:
EAX=0x00000ce3, EBX=0x42ddb1ac, ECX=0x42bb6de0, EDX=0x58375008
ESP=0x54f6f95c, EBP=0x54f6f978, ESI=0x00000001, EDI=0x42ddb1d8
EIP=0x6d8de39a, EFLAGS=0x00010202

Top of Stack: (sp=0x54f6f95c)
0x54f6f95c:   1811e088 42ddb180 1811e9e4 42bb6de8
0x54f6f96c:   42ddb1d8 00000003 42bb6de0 54f6f990
0x54f6f97c:   6d976c0e 42ddb180 6da54aec 42bb6e38
0x54f6f98c:   00319ec0 54f6f9a4 6d95df8a 00000003
0x54f6f99c:   6d95e222 6da54aec 54f6f9b8 6d9e1e14
0x54f6f9ac:   6da6ca00 6da54aec 00319ec0 54f6f9d4
0x54f6f9bc:   6d9a1aad 6da54aec 00000000 6da54aec
0x54f6f9cc:   6da54aec 00319ec0 54f6f9f8 6d8c834f 

Instructions: (pc=0x6d8de39a)
0x6d8de38a:   8d 9b 00 00 00 00 8b 33 85 f6 0f 84 81 00 00 00
0x6d8de39a:   8b 06 83 e0 03 3c 03 74 78 8b 06 c7 45 f8 03 00 


Stack: [0x54f20000,0x54f70000],  sp=0x54f6f95c,  free space=13e54f6f4d0k
Native frames: (J=compiled Java code, j=interpreted, Vv=VM code, C=native code)
V  [jvm.dll+0xde39a]
V  [jvm.dll+0x176c0e]
V  [jvm.dll+0x15df8a]
V  [jvm.dll+0x1e1e14]
V  [jvm.dll+0x1a1aad]
V  [jvm.dll+0xc834f]
V  [jvm.dll+0xca01c]
V  [jvm.dll+0xca370]
V  [jvm.dll+0xce42a]
V  [jvm.dll+0x1d8592]
V  [jvm.dll+0xc9398]
V  [jvm.dll+0xc9791]
V  [jvm.dll+0x1f4544]
V  [jvm.dll+0x1f6ed3]
V  [jvm.dll+0x1f615e]
V  [jvm.dll+0x1f64ac]
V  [jvm.dll+0x1f68d2]
V  [jvm.dll+0x17f9cc]
C  [msvcr71.dll+0x9565]
C  [kernel32.dll+0xb729]

VM_Operation (0x5750c9b0): GenCollectForPermanentAllocation, mode: safepoint, requested by thread 0x579d3400


---------------  P R O C E S S  ---------------

Java Threads: ( => current thread )
  0x563d0800 JavaThread "pool-34-thread-6" [_thread_blocked, id=5724, stack(0x58710000,0x58810000)]
  0x57df9800 JavaThread "pool-34-thread-5" [_thread_blocked, id=4628, stack(0x57510000,0x57610000)]
  0x579d3400 JavaThread "pool-34-thread-4" [_thread_blocked, id=4624, stack(0x57410000,0x57510000)]
  0x55551400 JavaThread "pool-34-thread-3" [_thread_blocked, id=4620, stack(0x56010000,0x56110000)]
  0x577b1400 JavaThread "pool-34-thread-2" [_thread_blocked, id=4616, stack(0x55f10000,0x56010000)]
  0x57913000 JavaThread "pool-34-thread-1" [_thread_blocked, id=4612, stack(0x55d10000,0x55e10000)]
  0x5779e800 JavaThread "play-akka.actor.default-dispatcher-4" [_thread_blocked, id=2680, stack(0x58b10000,0x58c10000)]
  0x556aa800 JavaThread "play-scheduler-1" [_thread_blocked, id=2452, stack(0x58810000,0x58910000)]
  0x56928c00 JavaThread "Thread-2" daemon [_thread_in_native, id=2364, stack(0x56170000,0x561c0000)]
  0x563c9c00 JavaThread "Scala Presentation Compiler []" daemon [_thread_blocked, id=3408, stack(0x57610000,0x57710000)]
  0x55948400 JavaThread "play-internal-execution-context-1" daemon [_thread_blocked, id=3800, stack(0x55c10000,0x55d10000)]
  0x55964400 JavaThread "New I/O server boss #9" [_thread_in_native, id=760, stack(0x57310000,0x57410000)]
  0x55944800 JavaThread "New I/O worker #8" [_thread_in_native, id=1448, stack(0x57210000,0x57310000)]
  0x55931000 JavaThread "New I/O worker #7" [_thread_in_native, id=168, stack(0x57110000,0x57210000)]
  0x5591dc00 JavaThread "New I/O worker #6" [_thread_blocked, id=2260, stack(0x57010000,0x57110000)]
  0x558b6400 JavaThread "New I/O worker #5" [_thread_in_native, id=2472, stack(0x56f10000,0x57010000)]
  0x558c3400 JavaThread "New I/O worker #4" [_thread_in_native, id=3712, stack(0x56e10000,0x56f10000)]
  0x5569dc00 JavaThread "New I/O worker #3" [_thread_in_native, id=2444, stack(0x56d10000,0x56e10000)]
  0x558a6800 JavaThread "New I/O worker #2" [_thread_in_native, id=948, stack(0x56c10000,0x56d10000)]
  0x56656400 JavaThread "New I/O worker #1" [_thread_in_native, id=2368, stack(0x56b10000,0x56c10000)]
  0x563bd400 JavaThread "pool-4-thread-3" [_thread_in_native, id=2380, stack(0x55e10000,0x55f10000)]
  0x54eb4400 JavaThread "Low Memory Detector" daemon [_thread_blocked, id=1912, stack(0x553c0000,0x554c0000)]
  0x54ea9400 JavaThread "CompilerThread0" daemon [_thread_blocked, id=1476, stack(0x55370000,0x553c0000)]
  0x54ea7c00 JavaThread "Attach Listener" daemon [_thread_blocked, id=4016, stack(0x55270000,0x55370000)]
  0x54ec2c00 JavaThread "Signal Dispatcher" daemon [_thread_blocked, id=3068, stack(0x55170000,0x55270000)]
  0x54e94400 JavaThread "Finalizer" daemon [_thread_blocked, id=848, stack(0x55070000,0x55170000)]
  0x54e92c00 JavaThread "Reference Handler" daemon [_thread_blocked, id=4008, stack(0x54f70000,0x55070000)]
  0x00316c00 JavaThread "main" [_thread_blocked, id=2540, stack(0x009f0000,0x00af0000)]

Other Threads:
=>0x54e90000 VMThread [stack: 0x54f20000,0x54f70000] [id=488]
  0x54eb6c00 WatcherThread [stack: 0x554c0000,0x55510000] [id=3052]

VM state:at safepoint (normal execution)

VM Mutex/Monitor currently owned by a thread:  ([mutex/lock_event])
[0x00315cc0] Threads_lock - owner thread: 0x54e90000
[0x003160d8] Heap_lock - owner thread: 0x579d3400

Heap
 def new generation   total 157440K, used 35330K [0x02ba0000, 0x0d670000, 0x180f0000)
  eden space 139968K,  14% used [0x02ba0000, 0x03fbeeb8, 0x0b450000)
  from space 17472K,  84% used [0x0b450000, 0x0c2b1ab0, 0x0c560000)
  to   space 17472K,   0% used [0x0c560000, 0x0c560000, 0x0d670000)
 tenured generation   total 349568K, used 146671K [0x180f0000, 0x2d650000, 0x42ba0000)
   the space 349568K,  41% used [0x180f0000, 0x2102bc18, 0x2102be00, 0x2d650000)
 compacting perm gen  total 61440K, used 61439K [0x42ba0000, 0x467a0000, 0x52ba0000)
   the space 61440K,  99% used [0x42ba0000, 0x4679fea8, 0x467a0000, 0x467a0000)
No shared spaces configured.

Dynamic libraries:
0x00400000 - 0x00424000 	C:\WINDOWS\system32\java.exe
0x7c920000 - 0x7c9b6000 	C:\WINDOWS\system32\ntdll.dll
0x7c800000 - 0x7c91e000 	C:\WINDOWS\system32\kernel32.dll
0x77da0000 - 0x77e49000 	C:\WINDOWS\system32\ADVAPI32.dll
0x77e50000 - 0x77ee3000 	C:\WINDOWS\system32\RPCRT4.dll
0x77fc0000 - 0x77fd1000 	C:\WINDOWS\system32\Secur32.dll
0x7c340000 - 0x7c396000 	D:\Java\jre6\bin\msvcr71.dll
0x6d800000 - 0x6da97000 	D:\Java\jre6\bin\client\jvm.dll
0x77d10000 - 0x77da0000 	C:\WINDOWS\system32\USER32.dll
0x77ef0000 - 0x77f39000 	C:\WINDOWS\system32\GDI32.dll
0x76b10000 - 0x76b3a000 	C:\WINDOWS\system32\WINMM.dll
0x76300000 - 0x7631d000 	C:\WINDOWS\system32\IMM32.DLL
0x62c20000 - 0x62c29000 	C:\WINDOWS\system32\LPK.DLL
0x73fa0000 - 0x7400b000 	C:\WINDOWS\system32\USP10.dll
0x6d7b0000 - 0x6d7bc000 	D:\Java\jre6\bin\verify.dll
0x6d330000 - 0x6d34f000 	D:\Java\jre6\bin\java.dll
0x6d290000 - 0x6d298000 	D:\Java\jre6\bin\hpi.dll
0x76bc0000 - 0x76bcb000 	C:\WINDOWS\system32\PSAPI.DLL
0x6d7f0000 - 0x6d7ff000 	D:\Java\jre6\bin\zip.dll
0x6d610000 - 0x6d623000 	D:\Java\jre6\bin\net.dll
0x71a20000 - 0x71a37000 	C:\WINDOWS\system32\WS2_32.dll
0x77be0000 - 0x77c38000 	C:\WINDOWS\system32\msvcrt.dll
0x71a10000 - 0x71a18000 	C:\WINDOWS\system32\WS2HELP.dll
0x6d630000 - 0x6d639000 	D:\Java\jre6\bin\nio.dll
0x68000000 - 0x68036000 	C:\WINDOWS\system32\rsaenh.dll
0x759d0000 - 0x75a7f000 	C:\WINDOWS\system32\USERENV.dll
0x5fdd0000 - 0x5fe25000 	C:\WINDOWS\system32\netapi32.dll
0x719c0000 - 0x719fe000 	C:\WINDOWS\System32\mswsock.dll
0x76ef0000 - 0x76f17000 	C:\WINDOWS\system32\DNSAPI.dll
0x76d30000 - 0x76d48000 	C:\WINDOWS\system32\iphlpapi.dll
0x76f80000 - 0x76f88000 	C:\WINDOWS\System32\winrnr.dll
0x76f30000 - 0x76f5c000 	C:\WINDOWS\system32\WLDAP32.dll
0x64000000 - 0x64021000 	C:\Program Files\Bonjour\mdnsNSP.dll
0x76f90000 - 0x76f96000 	C:\WINDOWS\system32\rasadhlp.dll
0x55be0000 - 0x55be8000 	C:\Documents and Settings\Administrator\Local Settings\Temp\jansi-32-1-4450968504697323545.11
0x67540000 - 0x67610000 	C:\hiwowo\target\native_libraries\32bits\jnotify.dll
0x60fd0000 - 0x61025000 	C:\WINDOWS\system32\hnetcfg.dll
0x71a00000 - 0x71a08000 	C:\WINDOWS\System32\wshtcpip.dll

VM Arguments:
jvm_args: -Xms512M -Xmx1024M -Xss1M -XX:+CMSClassUnloadingEnabled -XX:MaxPermSize=256M -Dfile.encoding=UTF-8 -Dinput.encoding=Cp1252 -Dplay.version=2.2.2 -Dsbt.ivy.home=C:\play-2.2\framework\..\repository -Dplay.home=C:\play-2.2\framework\. -Dsbt.boot.properties=file:///C:/play-2.2/framework/sbt/sbt.boot.properties -Dsbt.scala.version=2.10.3 
java_command: C:\play-2.2\framework\sbt\sbt-launch.jar play
Launcher Type: SUN_STANDARD

Environment Variables:
JAVA_HOME=D:\Java\jdk1.6.0_18
PATH=C:\Program Files\Common Files\NetSarang;C:\Program Files\Intel\iCLS Client\;C:\WINDOWS\system32;C:\WINDOWS;C:\WINDOWS\System32\Wbem;C:\Program Files\Intel\Intel(R) Management Engine Components\DAL;C:\Program Files\Intel\Intel(R) Management Engine Components\IPT;D:\MySQL\MySQL Server 5.5\bin;C:\nodejs\;D:\Java\jdk1.6.0_18/bin;D:\Java\jdk1.6.0_18/jre/bin;C:\scala/bin;C:\play-2.2;D:\Program Files\Git;C:\Documents and Settings\Administrator\Application Data\npm
USERNAME=Administrator
OS=Windows_NT
PROCESSOR_IDENTIFIER=x86 Family 6 Model 58 Stepping 9, GenuineIntel



---------------  S Y S T E M  ---------------

OS: Windows XP Build 2600 Service Pack 3

CPU:total 4 (8 cores per cpu, 2 threads per core) family 6 model 58 stepping 9, cmov, cx8, fxsr, mmx, sse, sse2, sse3, ssse3, sse4.1, sse4.2, popcnt, ht

Memory: 4k page, physical 2232220k(410776k free), swap 4173188k(2090812k free)

vm_info: Java HotSpot(TM) Client VM (16.0-b13) for windows-x86 JRE (1.6.0_18-b07), built on Dec 17 2009 13:35:55 by "java_re" with MS VC++ 7.1 (VS2003)

time: Fri Jul 11 09:47:42 2014
elapsed time: 4011 seconds

