#
# A fatal error has been detected by the Java Runtime Environment:
#
#  EXCEPTION_ACCESS_VIOLATION (0xc0000005) at pc=0x0018a8d1, pid=5840, tid=5924
#
# JRE version: 6.0_18-b07
# Java VM: Java HotSpot(TM) Client VM (16.0-b13 mixed mode windows-x86 )
# Problematic frame:
# C  0x0018a8d1
#
# If you would like to submit a bug report, please visit:
#   http://java.sun.com/webapps/bugreport/crash.jsp
#

---------------  T H R E A D  ---------------

Current thread (0x54e90000):  VMThread [stack: 0x54f20000,0x54f70000] [id=5924]

siginfo: ExceptionCode=0xc0000005, reading address 0x0018a8d1

Registers:
EAX=0x453de1a8, EBX=0x0031bf68, ECX=0x42bacb99, EDX=0x186da221
ESP=0x54f6fb94, EBP=0x54f6fba4, ESI=0x42bb6e38, EDI=0x6da54aec
EIP=0x0018a8d1, EFLAGS=0x00010206

Top of Stack: (sp=0x54f6fb94)
0x54f6fb94:   6d95df8a 453de1a8 6d95e222 6da54aec
0x54f6fba4:   54f6fbb8 6d9e1e14 6da6ca00 6da54aec
0x54f6fbb4:   0031bf68 54f6fbd4 6d9a1aad 6da54aec
0x54f6fbc4:   00000000 6da54aec 6da54aec 0031bf68
0x54f6fbd4:   54f6fbf8 6d8c834f 00000001 00000002
0x54f6fbe4:   6da54aec 6da54aec 00000001 0031bf68
0x54f6fbf4:   00000000 54f6fc40 6d8ca01c 00000001
0x54f6fc04:   00000000 00000001 00000002 6da54aec 

Instructions: (pc=0x0018a8d1)
0x0018a8c1:   
[error occurred during error reporting (printing registers, top of stack, instructions near pc), id 0xc0000005]

Stack: [0x54f20000,0x54f70000],  sp=0x54f6fb94,  free space=13e54f6f0d4k
Native frames: (J=compiled Java code, j=interpreted, Vv=VM code, C=native code)
C  0x0018a8d1
V  [jvm.dll+0x1e1e14]
V  [jvm.dll+0x1a1aad]
V  [jvm.dll+0xc834f]
V  [jvm.dll+0xca01c]
V  [jvm.dll+0xca370]
V  [jvm.dll+0xce42a]
V  [jvm.dll+0x1d8592]
V  [jvm.dll+0xc9398]
V  [jvm.dll+0xc9791]
V  [jvm.dll+0x1f4544]
V  [jvm.dll+0x1f6ed3]
V  [jvm.dll+0x1f615e]
V  [jvm.dll+0x1f64ac]
V  [jvm.dll+0x1f68d2]
V  [jvm.dll+0x17f9cc]
C  [msvcr71.dll+0x9565]
C  [kernel32.dll+0xb729]

VM_Operation (0x58cbd558): GenCollectForPermanentAllocation, mode: safepoint, requested by thread 0x57be8400


---------------  P R O C E S S  ---------------

Java Threads: ( => current thread )
  0x57be8400 JavaThread "pool-137-thread-4" [_thread_blocked, id=1680, stack(0x58bc0000,0x58cc0000)]
  0x57c3d400 JavaThread "play-akka.actor.default-dispatcher-216" [_thread_blocked, id=4220, stack(0x587c0000,0x588c0000)]
  0x57afd800 JavaThread "net.sf.ehcache.CacheManager@1490110" daemon [_thread_blocked, id=4192, stack(0x574c0000,0x575c0000)]
  0x5784f400 JavaThread "BoneCP-pool-watch-thread" daemon [_thread_blocked, id=5312, stack(0x573c0000,0x574c0000)]
  0x578ef400 JavaThread "BoneCP-max-alive-scheduler" daemon [_thread_blocked, id=4696, stack(0x56810000,0x56910000)]
  0x5777a400 JavaThread "BoneCP-keep-alive-scheduler" daemon [_thread_blocked, id=4764, stack(0x56710000,0x56810000)]
  0x55a8f400 JavaThread "com.google.common.base.internal.Finalizer" daemon [_thread_blocked, id=4344, stack(0x56410000,0x56510000)]
  0x57dcb800 JavaThread "play-internal-execution-context-24" daemon [_thread_blocked, id=3528, stack(0x58fc0000,0x590c0000)]
  0x57a55400 JavaThread "Scala Presentation Compiler []" daemon [_thread_blocked, id=5736, stack(0x58ac0000,0x58bc0000)]
  0x5637d400 JavaThread "Thread-5" daemon [_thread_in_native, id=4480, stack(0x56970000,0x569c0000)]
  0x563d2000 JavaThread "play-scheduler-1" [_thread_blocked, id=3944, stack(0x586c0000,0x587c0000)]
  0x5780a400 JavaThread "Abandoned connection cleanup thread" daemon [_thread_blocked, id=3384, stack(0x56610000,0x56710000)]
  0x559b4000 JavaThread "New I/O server boss #9" [_thread_in_native, id=4964, stack(0x572c0000,0x573c0000)]
  0x559a0c00 JavaThread "New I/O worker #8" [_thread_blocked, id=4960, stack(0x571c0000,0x572c0000)]
  0x5598d400 JavaThread "New I/O worker #7" [_thread_blocked, id=4956, stack(0x570c0000,0x571c0000)]
  0x5597a400 JavaThread "New I/O worker #6" [_thread_blocked, id=4952, stack(0x56fc0000,0x570c0000)]
  0x55913800 JavaThread "New I/O worker #5" [_thread_blocked, id=4948, stack(0x56ec0000,0x56fc0000)]
  0x55913400 JavaThread "New I/O worker #4" [_thread_blocked, id=5040, stack(0x56dc0000,0x56ec0000)]
  0x55909800 JavaThread "New I/O worker #3" [_thread_blocked, id=5036, stack(0x56cc0000,0x56dc0000)]
  0x55909000 JavaThread "New I/O worker #2" [_thread_blocked, id=5016, stack(0x56bc0000,0x56cc0000)]
  0x55920000 JavaThread "New I/O worker #1" [_thread_blocked, id=4944, stack(0x56ac0000,0x56bc0000)]
  0x55535800 JavaThread "pool-4-thread-2" [_thread_in_native, id=5848, stack(0x56510000,0x56610000)]
  0x54eb1000 JavaThread "Low Memory Detector" daemon [_thread_blocked, id=6020, stack(0x553c0000,0x554c0000)]
  0x54ea9400 JavaThread "CompilerThread0" daemon [_thread_blocked, id=6016, stack(0x55370000,0x553c0000)]
  0x54ea7c00 JavaThread "Attach Listener" daemon [_thread_blocked, id=6012, stack(0x55270000,0x55370000)]
  0x54ec2c00 JavaThread "Signal Dispatcher" daemon [_thread_blocked, id=3116, stack(0x55170000,0x55270000)]
  0x54e94400 JavaThread "Finalizer" daemon [_thread_blocked, id=5932, stack(0x55070000,0x55170000)]
  0x54e92c00 JavaThread "Reference Handler" daemon [_thread_blocked, id=5928, stack(0x54f70000,0x55070000)]
  0x00316c00 JavaThread "main" [_thread_blocked, id=5888, stack(0x009f0000,0x00af0000)]

Other Threads:
=>0x54e90000 VMThread [stack: 0x54f20000,0x54f70000] [id=5924]
  0x54ebec00 WatcherThread [stack: 0x554c0000,0x55510000] [id=6024]

VM state:at safepoint (normal execution)

VM Mutex/Monitor currently owned by a thread:  ([mutex/lock_event])
[0x00315c38] Threads_lock - owner thread: 0x54e90000
[0x00316048] Heap_lock - owner thread: 0x57be8400

Heap
 def new generation   total 157376K, used 84768K [0x02ba0000, 0x0d660000, 0x180f0000)
  eden space 139904K,  59% used [0x02ba0000, 0x07d5dad8, 0x0b440000)
  from space 17472K,   6% used [0x0c550000, 0x0c65a548, 0x0d660000)
  to   space 17472K,   0% used [0x0b440000, 0x0b440000, 0x0c550000)
 tenured generation   total 349568K, used 250869K [0x180f0000, 0x2d650000, 0x42ba0000)
   the space 349568K,  71% used [0x180f0000, 0x275ed460, 0x275ed600, 0x2d650000)
 compacting perm gen  total 91904K, used 91903K [0x42ba0000, 0x48560000, 0x52ba0000)
   the space 91904K,  99% used [0x42ba0000, 0x4855fff0, 0x48560000, 0x48560000)
No shared spaces configured.

Dynamic libraries:
0x00400000 - 0x00424000 	C:\WINDOWS\system32\java.exe
0x7c920000 - 0x7c9b6000 	C:\WINDOWS\system32\ntdll.dll
0x7c800000 - 0x7c91e000 	C:\WINDOWS\system32\kernel32.dll
0x77da0000 - 0x77e49000 	C:\WINDOWS\system32\ADVAPI32.dll
0x77e50000 - 0x77ee3000 	C:\WINDOWS\system32\RPCRT4.dll
0x77fc0000 - 0x77fd1000 	C:\WINDOWS\system32\Secur32.dll
0x7c340000 - 0x7c396000 	D:\Java\jre6\bin\msvcr71.dll
0x6d800000 - 0x6da97000 	D:\Java\jre6\bin\client\jvm.dll
0x77d10000 - 0x77da0000 	C:\WINDOWS\system32\USER32.dll
0x77ef0000 - 0x77f39000 	C:\WINDOWS\system32\GDI32.dll
0x76b10000 - 0x76b3a000 	C:\WINDOWS\system32\WINMM.dll
0x76300000 - 0x7631d000 	C:\WINDOWS\system32\IMM32.DLL
0x62c20000 - 0x62c29000 	C:\WINDOWS\system32\LPK.DLL
0x73fa0000 - 0x7400b000 	C:\WINDOWS\system32\USP10.dll
0x6d7b0000 - 0x6d7bc000 	D:\Java\jre6\bin\verify.dll
0x6d330000 - 0x6d34f000 	D:\Java\jre6\bin\java.dll
0x6d290000 - 0x6d298000 	D:\Java\jre6\bin\hpi.dll
0x76bc0000 - 0x76bcb000 	C:\WINDOWS\system32\PSAPI.DLL
0x6d7f0000 - 0x6d7ff000 	D:\Java\jre6\bin\zip.dll
0x6d610000 - 0x6d623000 	D:\Java\jre6\bin\net.dll
0x71a20000 - 0x71a37000 	C:\WINDOWS\system32\WS2_32.dll
0x77be0000 - 0x77c38000 	C:\WINDOWS\system32\msvcrt.dll
0x71a10000 - 0x71a18000 	C:\WINDOWS\system32\WS2HELP.dll
0x6d630000 - 0x6d639000 	D:\Java\jre6\bin\nio.dll
0x68000000 - 0x68036000 	C:\WINDOWS\system32\rsaenh.dll
0x759d0000 - 0x75a7f000 	C:\WINDOWS\system32\USERENV.dll
0x5fdd0000 - 0x5fe25000 	C:\WINDOWS\system32\netapi32.dll
0x719c0000 - 0x719fe000 	C:\WINDOWS\System32\mswsock.dll
0x76ef0000 - 0x76f17000 	C:\WINDOWS\system32\DNSAPI.dll
0x76d30000 - 0x76d48000 	C:\WINDOWS\system32\iphlpapi.dll
0x76f80000 - 0x76f88000 	C:\WINDOWS\System32\winrnr.dll
0x76f30000 - 0x76f5c000 	C:\WINDOWS\system32\WLDAP32.dll
0x64000000 - 0x64021000 	C:\Program Files\Bonjour\mdnsNSP.dll
0x76f90000 - 0x76f96000 	C:\WINDOWS\system32\rasadhlp.dll
0x55be0000 - 0x55be8000 	C:\Documents and Settings\Administrator\Local Settings\Temp\jansi-32-1-3071148496013325964.11
0x67540000 - 0x67610000 	C:\hiwowo\target\native_libraries\32bits\jnotify.dll
0x60fd0000 - 0x61025000 	C:\WINDOWS\system32\hnetcfg.dll
0x71a00000 - 0x71a08000 	C:\WINDOWS\System32\wshtcpip.dll
0x6d560000 - 0x6d569000 	D:\Java\jre6\bin\management.dll
0x76d70000 - 0x76d92000 	C:\WINDOWS\system32\Apphelp.dll

VM Arguments:
jvm_args: -Xms512M -Xmx1024M -Xss1M -XX:+CMSClassUnloadingEnabled -XX:MaxPermSize=256M -Dfile.encoding=UTF-8 -Dinput.encoding=Cp1252 -Dplay.version=2.2.1 -Dsbt.ivy.home=C:\play-2.2\framework\..\repository -Dplay.home=C:\play-2.2\framework\. -Dsbt.boot.properties=file:///C:/play-2.2/framework/sbt/sbt.boot.properties 
java_command: C:\play-2.2\framework\sbt\sbt-launch.jar play
Launcher Type: SUN_STANDARD

Environment Variables:
JAVA_HOME=D:\Java\jdk1.6.0_18
PATH=C:\Program Files\Common Files\NetSarang;C:\Program Files\Intel\iCLS Client\;C:\WINDOWS\system32;C:\WINDOWS;C:\WINDOWS\System32\Wbem;C:\Program Files\Intel\Intel(R) Management Engine Components\DAL;C:\Program Files\Intel\Intel(R) Management Engine Components\IPT;D:\MySQL\MySQL Server 5.5\bin;C:\nodejs\;D:\Java\jdk1.6.0_18/bin;D:\Java\jdk1.6.0_18/jre/bin;C:\scala/bin;C:\play-2.2;D:\Program Files\Git;C:\Documents and Settings\Administrator\Application Data\npm
USERNAME=Administrator
OS=Windows_NT
PROCESSOR_IDENTIFIER=x86 Family 6 Model 58 Stepping 9, GenuineIntel



---------------  S Y S T E M  ---------------

OS: Windows XP Build 2600 Service Pack 3

CPU:total 4 (8 cores per cpu, 2 threads per core) family 6 model 58 stepping 9, cmov, cx8, fxsr, mmx, sse, sse2, sse3, ssse3, sse4.1, sse4.2, popcnt, ht

Memory: 4k page, physical 2232220k(278884k free), swap 4173192k(1686344k free)

vm_info: Java HotSpot(TM) Client VM (16.0-b13) for windows-x86 JRE (1.6.0_18-b07), built on Dec 17 2009 13:35:55 by "java_re" with MS VC++ 7.1 (VS2003)

time: Wed Mar 05 23:38:15 2014
elapsed time: 13680 seconds

