#
# A fatal error has been detected by the Java Runtime Environment:
#
#  EXCEPTION_ACCESS_VIOLATION (0xc0000005) at pc=0x6d974456, pid=4756, tid=5052
#
# JRE version: 6.0_18-b07
# Java VM: Java HotSpot(TM) Client VM (16.0-b13 mixed mode windows-x86 )
# Problematic frame:
# V  [jvm.dll+0x174456]
#
# If you would like to submit a bug report, please visit:
#   http://java.sun.com/webapps/bugreport/crash.jsp
#

---------------  T H R E A D  ---------------

Current thread (0x54e90000):  VMThread [stack: 0x54f20000,0x54f70000] [id=5052]

siginfo: ExceptionCode=0xc0000005, reading address 0xb042ba09

Registers:
EAX=0xb042ba01, EBX=0x00c3dfc8, ECX=0xb042ba09, EDX=0x6da295f4
ESP=0x54f6f92c, EBP=0x54f6f938, ESI=0x43179fc1, EDI=0x6da54b58
EIP=0x6d974456, EFLAGS=0x00010246

Top of Stack: (sp=0x54f6f92c)
0x54f6f92c:   00c3dfc8 6da00658 6da54b58 54f6f9e0
0x54f6f93c:   6d9746b1 6da54b58 6da54b60 00c3e1ac
0x54f6f94c:   00000000 00c3dfc8 00313f70 6da54b60
0x54f6f95c:   6d8a7db4 43814b00 00000000 00000001
0x54f6f96c:   6da54b58 6da54b58 6da54b60 6da54b14
0x54f6f97c:   00000000 54e8f128 0031fb98 54f6f9f8
0x54f6f98c:   6d955fdf 182e3fb8 00000001 6da54b58
0x54f6f99c:   00000000 00c3e080 00c3e14c 00c3dfc8 

Instructions: (pc=0x6d974456)
0x6d974446:   56 8b cf ff 52 04 84 c0 75 42 8b 46 04 8d 48 08
0x6d974456:   8b 01 ff 90 b8 00 00 00 84 c0 74 39 8b 4e 08 8b 


Stack: [0x54f20000,0x54f70000],  sp=0x54f6f92c,  free space=13e54f6f4a0k
Native frames: (J=compiled Java code, j=interpreted, Vv=VM code, C=native code)
V  [jvm.dll+0x174456]
V  [jvm.dll+0x1746b1]
V  [jvm.dll+0x7c810]
V  [jvm.dll+0xca07c]
V  [jvm.dll+0xca370]
V  [jvm.dll+0xce42a]
V  [jvm.dll+0x1d8592]
V  [jvm.dll+0xc9398]
V  [jvm.dll+0xc9791]
V  [jvm.dll+0x1f4544]
V  [jvm.dll+0x1f6ed3]
V  [jvm.dll+0x1f615e]
V  [jvm.dll+0x1f64ac]
V  [jvm.dll+0x1f68d2]
V  [jvm.dll+0x17f9cc]
C  [msvcr71.dll+0x9565]
C  [kernel32.dll+0xb729]

VM_Operation (0x56cbaaf0): GenCollectForPermanentAllocation, mode: safepoint, requested by thread 0x56286400


---------------  P R O C E S S  ---------------

Java Threads: ( => current thread )
  0x57b97400 JavaThread "play-internal-execution-context-2" daemon [_thread_blocked, id=6024, stack(0x576c0000,0x577c0000)]
  0x57b0b400 JavaThread "net.sf.ehcache.CacheManager@df4c8a" daemon [_thread_blocked, id=5056, stack(0x575c0000,0x576c0000)]
  0x562e4800 JavaThread "BoneCP-pool-watch-thread" daemon [_thread_blocked, id=4908, stack(0x574c0000,0x575c0000)]
  0x57c60400 JavaThread "BoneCP-max-alive-scheduler" daemon [_thread_blocked, id=4912, stack(0x56820000,0x56920000)]
  0x5632a400 JavaThread "BoneCP-keep-alive-scheduler" daemon [_thread_blocked, id=4916, stack(0x56620000,0x56720000)]
  0x57a28400 JavaThread "com.google.common.base.internal.Finalizer" daemon [_thread_blocked, id=4892, stack(0x56520000,0x56620000)]
  0x562b0800 JavaThread "Abandoned connection cleanup thread" daemon [_thread_blocked, id=4504, stack(0x56420000,0x56520000)]
  0x56286800 JavaThread "play-internal-execution-context-1" daemon [_thread_blocked, id=5188, stack(0x573c0000,0x574c0000)]
  0x55952400 JavaThread "New I/O server boss #9" [_thread_in_native, id=1056, stack(0x572c0000,0x573c0000)]
  0x5587f400 JavaThread "New I/O worker #8" [_thread_in_native, id=4136, stack(0x571c0000,0x572c0000)]
  0x56116800 JavaThread "New I/O worker #7" [_thread_in_native, id=4432, stack(0x570c0000,0x571c0000)]
  0x5588d400 JavaThread "New I/O worker #6" [_thread_in_native, id=3528, stack(0x56fc0000,0x570c0000)]
  0x56296800 JavaThread "New I/O worker #5" [_thread_in_native, id=4104, stack(0x56ec0000,0x56fc0000)]
  0x55860400 JavaThread "New I/O worker #4" [_thread_in_native, id=4440, stack(0x56dc0000,0x56ec0000)]
  0x562ae400 JavaThread "New I/O worker #3" [_thread_in_native, id=4420, stack(0x56cc0000,0x56dc0000)]
  0x56286400 JavaThread "New I/O worker #2" [_thread_blocked, id=4416, stack(0x56bc0000,0x56cc0000)]
  0x558c3800 JavaThread "New I/O worker #1" [_thread_blocked, id=4384, stack(0x56ac0000,0x56bc0000)]
  0x55d9b400 JavaThread "pool-4-thread-4" [_thread_in_native, id=3892, stack(0x56720000,0x56820000)]
  0x54eb4400 JavaThread "Low Memory Detector" daemon [_thread_blocked, id=5816, stack(0x553c0000,0x554c0000)]
  0x54ea9400 JavaThread "CompilerThread0" daemon [_thread_blocked, id=5804, stack(0x55370000,0x553c0000)]
  0x54ea7c00 JavaThread "Attach Listener" daemon [_thread_blocked, id=952, stack(0x55270000,0x55370000)]
  0x54ec2c00 JavaThread "Signal Dispatcher" daemon [_thread_blocked, id=5788, stack(0x55170000,0x55270000)]
  0x54e97800 JavaThread "Finalizer" daemon [_thread_blocked, id=4444, stack(0x55070000,0x55170000)]
  0x54e92c00 JavaThread "Reference Handler" daemon [_thread_blocked, id=192, stack(0x54f70000,0x55070000)]
  0x00316c00 JavaThread "main" [_thread_blocked, id=4764, stack(0x009f0000,0x00af0000)]

Other Threads:
=>0x54e90000 VMThread [stack: 0x54f20000,0x54f70000] [id=5052]
  0x54ebf000 WatcherThread [stack: 0x554c0000,0x55510000] [id=5820]

VM state:at safepoint (normal execution)

VM Mutex/Monitor currently owned by a thread:  ([mutex/lock_event])
[0x00315c40] Threads_lock - owner thread: 0x54e90000
[0x00316050] Heap_lock - owner thread: 0x56286400

Heap
 def new generation   total 157376K, used 27581K [0x02ba0000, 0x0d660000, 0x180f0000)
  eden space 139904K,  19% used [0x02ba0000, 0x0468f658, 0x0b440000)
  from space 17472K,   0% used [0x0b440000, 0x0b440000, 0x0c550000)
  to   space 17472K,   0% used [0x0c550000, 0x0c550000, 0x0d660000)
 tenured generation   total 349568K, used 39225K [0x180f0000, 0x2d650000, 0x42ba0000)
   the space 349568K,  11% used [0x180f0000, 0x1a73e630, 0x1a73e800, 0x2d650000)
 compacting perm gen  total 57344K, used 57343K [0x42ba0000, 0x463a0000, 0x52ba0000)
   the space 57344K,  99% used [0x42ba0000, 0x4639ff90, 0x463a0000, 0x463a0000)
No shared spaces configured.

Dynamic libraries:
0x00400000 - 0x00424000 	C:\WINDOWS\system32\java.exe
0x7c920000 - 0x7c9b6000 	C:\WINDOWS\system32\ntdll.dll
0x7c800000 - 0x7c91e000 	C:\WINDOWS\system32\kernel32.dll
0x77da0000 - 0x77e49000 	C:\WINDOWS\system32\ADVAPI32.dll
0x77e50000 - 0x77ee3000 	C:\WINDOWS\system32\RPCRT4.dll
0x77fc0000 - 0x77fd1000 	C:\WINDOWS\system32\Secur32.dll
0x7c340000 - 0x7c396000 	D:\Java\jre6\bin\msvcr71.dll
0x6d800000 - 0x6da97000 	D:\Java\jre6\bin\client\jvm.dll
0x77d10000 - 0x77da0000 	C:\WINDOWS\system32\USER32.dll
0x77ef0000 - 0x77f39000 	C:\WINDOWS\system32\GDI32.dll
0x76b10000 - 0x76b3a000 	C:\WINDOWS\system32\WINMM.dll
0x76300000 - 0x7631d000 	C:\WINDOWS\system32\IMM32.DLL
0x62c20000 - 0x62c29000 	C:\WINDOWS\system32\LPK.DLL
0x73fa0000 - 0x7400b000 	C:\WINDOWS\system32\USP10.dll
0x6d7b0000 - 0x6d7bc000 	D:\Java\jre6\bin\verify.dll
0x6d330000 - 0x6d34f000 	D:\Java\jre6\bin\java.dll
0x6d290000 - 0x6d298000 	D:\Java\jre6\bin\hpi.dll
0x76bc0000 - 0x76bcb000 	C:\WINDOWS\system32\PSAPI.DLL
0x6d7f0000 - 0x6d7ff000 	D:\Java\jre6\bin\zip.dll
0x6d610000 - 0x6d623000 	D:\Java\jre6\bin\net.dll
0x71a20000 - 0x71a37000 	C:\WINDOWS\system32\WS2_32.dll
0x77be0000 - 0x77c38000 	C:\WINDOWS\system32\msvcrt.dll
0x71a10000 - 0x71a18000 	C:\WINDOWS\system32\WS2HELP.dll
0x6d630000 - 0x6d639000 	D:\Java\jre6\bin\nio.dll
0x68000000 - 0x68036000 	C:\WINDOWS\system32\rsaenh.dll
0x759d0000 - 0x75a7f000 	C:\WINDOWS\system32\USERENV.dll
0x5fdd0000 - 0x5fe25000 	C:\WINDOWS\system32\netapi32.dll
0x719c0000 - 0x719fe000 	C:\WINDOWS\System32\mswsock.dll
0x76ef0000 - 0x76f17000 	C:\WINDOWS\system32\DNSAPI.dll
0x76d30000 - 0x76d48000 	C:\WINDOWS\system32\iphlpapi.dll
0x76f80000 - 0x76f88000 	C:\WINDOWS\System32\winrnr.dll
0x76f30000 - 0x76f5c000 	C:\WINDOWS\system32\WLDAP32.dll
0x64000000 - 0x64021000 	C:\Program Files\Bonjour\mdnsNSP.dll
0x76f90000 - 0x76f96000 	C:\WINDOWS\system32\rasadhlp.dll
0x55bf0000 - 0x55bf8000 	C:\Documents and Settings\Administrator\Local Settings\Temp\jansi-32-1-1720749345159097800.11
0x67540000 - 0x67610000 	C:\hiwowo\target\native_libraries\32bits\jnotify.dll
0x60fd0000 - 0x61025000 	C:\WINDOWS\system32\hnetcfg.dll
0x71a00000 - 0x71a08000 	C:\WINDOWS\System32\wshtcpip.dll

VM Arguments:
jvm_args: -Xms512M -Xmx1024M -Xss1M -XX:+CMSClassUnloadingEnabled -XX:MaxPermSize=256M -Dfile.encoding=UTF-8 -Dinput.encoding=Cp1252 -Dplay.version=2.2.1 -Dsbt.ivy.home=C:\play-2.2\framework\..\repository -Dplay.home=C:\play-2.2\framework\. -Dsbt.boot.properties=file:///C:/play-2.2/framework/sbt/sbt.boot.properties 
java_command: C:\play-2.2\framework\sbt\sbt-launch.jar play
Launcher Type: SUN_STANDARD

Environment Variables:
JAVA_HOME=D:\Java\jdk1.6.0_18
PATH=C:\Program Files\Common Files\NetSarang;C:\Program Files\Intel\iCLS Client\;C:\WINDOWS\system32;C:\WINDOWS;C:\WINDOWS\System32\Wbem;C:\Program Files\Intel\Intel(R) Management Engine Components\DAL;C:\Program Files\Intel\Intel(R) Management Engine Components\IPT;D:\MySQL\MySQL Server 5.5\bin;C:\nodejs\;D:\Java\jdk1.6.0_18/bin;D:\Java\jdk1.6.0_18/jre/bin;C:\scala/bin;C:\play-2.2;D:\Program Files\Git;C:\Documents and Settings\Administrator\Application Data\npm
USERNAME=Administrator
OS=Windows_NT
PROCESSOR_IDENTIFIER=x86 Family 6 Model 58 Stepping 9, GenuineIntel



---------------  S Y S T E M  ---------------

OS: Windows XP Build 2600 Service Pack 3

CPU:total 4 (8 cores per cpu, 2 threads per core) family 6 model 58 stepping 9, cmov, cx8, fxsr, mmx, sse, sse2, sse3, ssse3, sse4.1, sse4.2, popcnt, ht

Memory: 4k page, physical 2232220k(721404k free), swap 4173192k(2281456k free)

vm_info: Java HotSpot(TM) Client VM (16.0-b13) for windows-x86 JRE (1.6.0_18-b07), built on Dec 17 2009 13:35:55 by "java_re" with MS VC++ 7.1 (VS2003)

time: Thu Mar 20 19:18:24 2014
elapsed time: 291 seconds

